d:\dotnetproject\vs2017\rdt\stopwait\debug\stopwait.pch
d:\dotnetproject\vs2017\rdt\stopwait\debug\vc141.pdb
d:\dotnetproject\vs2017\rdt\stopwait\debug\vc141.idb
d:\dotnetproject\vs2017\rdt\stopwait\debug\stdafx.obj
d:\dotnetproject\vs2017\rdt\stopwait\debug\stopwait.obj
d:\dotnetproject\vs2017\rdt\stopwait\debug\stopwaitrdtreceiver.obj
d:\dotnetproject\vs2017\rdt\stopwait\debug\stopwaitrdtsender.obj
d:\学习\大三上\计网实验\模块二 rdt代码（学生用）\发布给学生的rdt代码\windows vs2017\stopwait\debug\stopwait.pch
d:\学习\大三上\计网实验\模块二 rdt代码（学生用）\发布给学生的rdt代码\windows vs2017\stopwait\debug\vc142.pdb
d:\学习\大三上\计网实验\模块二 rdt代码（学生用）\发布给学生的rdt代码\windows vs2017\stopwait\debug\vc142.idb
d:\学习\大三上\计网实验\模块二 rdt代码（学生用）\发布给学生的rdt代码\windows vs2017\stopwait\debug\stdafx.obj
d:\学习\大三上\计网实验\模块二 rdt代码（学生用）\发布给学生的rdt代码\windows vs2017\stopwait\debug\stopwait.obj
d:\学习\大三上\计网实验\模块二 rdt代码（学生用）\发布给学生的rdt代码\windows vs2017\stopwait\debug\stopwaitrdtreceiver.obj
d:\学习\大三上\计网实验\模块二 rdt代码（学生用）\发布给学生的rdt代码\windows vs2017\stopwait\debug\stopwaitrdtsender.obj
d:\dotnetproject\vs2017\rdt\debug\stopwait.exe
d:\dotnetproject\vs2017\rdt\debug\stopwait.ilk
d:\dotnetproject\vs2017\rdt\debug\stopwait.pdb
d:\学习\大三上\计网实验\模块二 rdt代码（学生用）\发布给学生的rdt代码\windows vs2017\stopwait\debug\vc141.idb
d:\学习\大三上\计网实验\模块二 rdt代码（学生用）\发布给学生的rdt代码\windows vs2017\stopwait\debug\vc141.pdb
d:\学习\大三上\计网实验\模块二 rdt代码（学生用）\发布给学生的rdt代码\windows vs2017\stopwait\debug\stopwait.tlog\cl.command.1.tlog
d:\学习\大三上\计网实验\模块二 rdt代码（学生用）\发布给学生的rdt代码\windows vs2017\stopwait\debug\stopwait.tlog\cl.read.1.tlog
d:\学习\大三上\计网实验\模块二 rdt代码（学生用）\发布给学生的rdt代码\windows vs2017\stopwait\debug\stopwait.tlog\cl.write.1.tlog
d:\学习\大三上\计网实验\模块二 rdt代码（学生用）\发布给学生的rdt代码\windows vs2017\stopwait\debug\stopwait.tlog\link.command.1.tlog
d:\学习\大三上\计网实验\模块二 rdt代码（学生用）\发布给学生的rdt代码\windows vs2017\stopwait\debug\stopwait.tlog\link.read.1.tlog
d:\学习\大三上\计网实验\模块二 rdt代码（学生用）\发布给学生的rdt代码\windows vs2017\stopwait\debug\stopwait.tlog\link.write.1.tlog
