#-----------------------------------------------------------
# Vivado v2020.2 (64-bit)
# SW Build 3064766 on Wed Nov 18 09:12:45 MST 2020
# IP Build 3064653 on Wed Nov 18 14:17:31 MST 2020
# Start of session at: Wed Oct 26 20:49:15 2022
# Process ID: 6820
# Current directory: D:/GitProjects/HustProjects/Project_Of_HardwareSystem_2022/fucking/cpu21-riscv/Verilog/cpu21-riscv/Single_cycle_CPU
# Command line: vivado.exe -gui_launcher_event rodinguilauncherevent17932 D:\GitProjects\HustProjects\Project_Of_HardwareSystem_2022\fucking\cpu21-riscv\Verilog\cpu21-riscv\Single_cycle_CPU\single_cycle_cpu.xpr
# Log file: D:/GitProjects/HustProjects/Project_Of_HardwareSystem_2022/fucking/cpu21-riscv/Verilog/cpu21-riscv/Single_cycle_CPU/vivado.log
# Journal file: D:/GitProjects/HustProjects/Project_Of_HardwareSystem_2022/fucking/cpu21-riscv/Verilog/cpu21-riscv/Single_cycle_CPU\vivado.jou
#-----------------------------------------------------------
start_gui
open_project D:/GitProjects/HustProjects/Project_Of_HardwareSystem_2022/fucking/cpu21-riscv/Verilog/cpu21-riscv/Single_cycle_CPU/single_cycle_cpu.xpr
INFO: [ProjectBase 1-489] The host OS only allows 260 characters in a normal path. The project is stored in a path with more than 80 characters. If you experience issues with IP, Block Designs, or files not being found, please consider moving the project to a location with a shorter path. Alternately consider using the OS subst command to map part of the path to a drive letter.
Current project path is 'D:/GitProjects/HustProjects/Project_Of_HardwareSystem_2022/fucking/cpu21-riscv/Verilog/cpu21-riscv/Single_cycle_CPU'
INFO: [Project 1-313] Project file moved from 'D:/GitProjects/HustProjects/Project_Of_HardwareSystem_2022/2022秋硬件综合训练课设资料发布包/cpu21-riscv/Verilog/cpu21-riscv/Single_cycle_CPU' since last save.
Scanning sources...
Finished scanning sources
INFO: [IP_Flow 19-234] Refreshing IP repositories
INFO: [IP_Flow 19-1704] No user IP repositories specified
INFO: [IP_Flow 19-2313] Loaded Vivado IP repository 'D:/Xilinx/Vivado/2020.2/data/ip'.
update_compile_order -fileset sources_1
reset_run synth_1
launch_runs impl_1 -to_step write_bitstream -jobs 6
[Wed Oct 26 20:49:39 2022] Launched synth_1...
Run output will be captured here: D:/GitProjects/HustProjects/Project_Of_HardwareSystem_2022/fucking/cpu21-riscv/Verilog/cpu21-riscv/Single_cycle_CPU/single_cycle_cpu.runs/synth_1/runme.log
[Wed Oct 26 20:49:39 2022] Launched impl_1...
Run output will be captured here: D:/GitProjects/HustProjects/Project_Of_HardwareSystem_2022/fucking/cpu21-riscv/Verilog/cpu21-riscv/Single_cycle_CPU/single_cycle_cpu.runs/impl_1/runme.log
reset_run synth_1
launch_runs impl_1 -to_step write_bitstream -jobs 6
[Wed Oct 26 20:53:01 2022] Launched synth_1...
Run output will be captured here: D:/GitProjects/HustProjects/Project_Of_HardwareSystem_2022/fucking/cpu21-riscv/Verilog/cpu21-riscv/Single_cycle_CPU/single_cycle_cpu.runs/synth_1/runme.log
[Wed Oct 26 20:53:01 2022] Launched impl_1...
Run output will be captured here: D:/GitProjects/HustProjects/Project_Of_HardwareSystem_2022/fucking/cpu21-riscv/Verilog/cpu21-riscv/Single_cycle_CPU/single_cycle_cpu.runs/impl_1/runme.log
exit
INFO: [Common 17-206] Exiting Vivado at Wed Oct 26 20:55:33 2022...
