#-----------------------------------------------------------
# Vivado v2020.2 (64-bit)
# SW Build 3064766 on Wed Nov 18 09:12:45 MST 2020
# IP Build 3064653 on Wed Nov 18 14:17:31 MST 2020
# Start of session at: Wed Sep 14 13:32:31 2022
# Process ID: 5352
# Current directory: D:/QQ/QQmsg/2849458605/FileRecv/Single_cycle_CPU
# Command line: vivado.exe -gui_launcher_event rodinguilauncherevent15660 D:\QQ\QQmsg\2849458605\FileRecv\Single_cycle_CPU\single_cycle_cpu.xpr
# Log file: D:/QQ/QQmsg/2849458605/FileRecv/Single_cycle_CPU/vivado.log
# Journal file: D:/QQ/QQmsg/2849458605/FileRecv/Single_cycle_CPU\vivado.jou
#-----------------------------------------------------------
start_gui
open_project D:/QQ/QQmsg/2849458605/FileRecv/Single_cycle_CPU/single_cycle_cpu.xpr
Scanning sources...
Finished scanning sources
INFO: [IP_Flow 19-234] Refreshing IP repositories
INFO: [IP_Flow 19-1704] No user IP repositories specified
INFO: [IP_Flow 19-2313] Loaded Vivado IP repository 'D:/Xilinx/Vivado/2020.2/data/ip'.
open_project: Time (s): cpu = 00:00:14 ; elapsed = 00:00:07 . Memory (MB): peak = 1005.250 ; gain = 0.000
update_compile_order -fileset sources_1
exit
INFO: [Common 17-206] Exiting Vivado at Wed Sep 14 13:37:28 2022...
